<?xml version="1.0" encoding="UTF-8"?>
<testsuite name="JobScience/tests" tests="1" failures="1" skipped="0" hostname="DT2659" time="0.82" timestamp="Fri Sep 08 10:50:36 BST 2017">
	<properties>
		<property name="excludeCallableTestCases" value="true"/>
		<property name="testEnvironment" value="TestEnv"/>
		<property name="pluginOutputLevel" value="WARNING"/>
		<property name="projectPath" value=".."/>
		<property name="salesforceMetadataCache" value="Reuse"/>
		<property name="resultsPathDisposition" value="Increment"/>
		<property name="testOutputLevel" value="WARNING"/>
		<property name="webBrowserType" value="Google Chrome"/>
		<property name="resultsPath" value="../ANT/Results"/>
		<property name="webBrowserConfiguration" value="Full Screen"/>
		<property name="projectCachePath" value="C:\Users\sjaffar\Provar\8Sept_2\JobScience\ANT\..\..\.provarCaches"/>
	</properties>
	<testcase classname="tests/TestSuite\Sales-General\Events\07-CreateEvent-RecruitmentSubsRDVisit.testcase" name="07-CreateEvent-RecruitmentSubsRDVisit.testcase" time="0.819">
		<failure message="Execution failed"><![CDATA[Connection exception while opening Partner connection.  Connection name: JobScience, environment: TestEnv, authEndpoint: https://test.salesforce.com/services/Soap/u/40.0, userName: sara.jaffar@tesglobal.com.test, password: [supplied], securityToken: [empty], messages: [LoginFault]]]></failure>
	</testcase>
</testsuite>
